Корабль Santa-Maria прибыл в порт
Корабль Eva Agata-Kristi прибыл в порт
Корабль Zon-Founed Ir прибыл в порт
Корабль Ibral-Lo-Fan прибыл в порт
-----------------------------
Список в рейде :
№1 Zon-Founed Ir
№2 Ibral-Lo-Fan
-----------------------------
-----------------------------
Состояние причалов:
Причал №1 - Santa-Maria
Причал №2 - Eva Agata-Kristi
-----------------------------
Причал №1 освободился
-----------------------------
Список в рейде :
№1 Ibral-Lo-Fan
-----------------------------
-----------------------------
Состояние причалов:
Причал №1 - Zon-Founed Ir
Причал №2 - Eva Agata-Kristi
-----------------------------
Корабль Royal James прибыл в порт
Корабль Queen прибыл в порт
Корабль Royal William прибыл в порт
-----------------------------
Список в рейде :
№1 Ibral-Lo-Fan
№2 Royal James
№3 Queen
№4 Royal William
-----------------------------
-----------------------------
Состояние причалов:
Причал №1 - Zon-Founed Ir
Причал №2 - Eva Agata-Kristi
-----------------------------
Причал №2 освободился
Причал №1 освободился
-----------------------------
Список в рейде :
№1 Queen
№2 Royal William
-----------------------------
-----------------------------
Состояние причалов:
Причал №1 - Royal James
Причал №2 - Ibral-Lo-Fan
-----------------------------
